;;; 
Export: Release 21.0.0.0.0 - Production on Wed Feb 8 10:15:01 2023
Version 21.3.0.0.0

Copyright (c) 1982, 2021, Oracle and/or its affiliates.  All rights reserved.
;;; 
Connected to: Oracle Database 21c Express Edition Release 21.0.0.0.0 - Production
Starting "TEST"."SYS_EXPORT_SCHEMA_01":  test/********@XEPDB1 dumpfile=export.dmp directory=DUMP_DIR logfile=export.log CONTENT=ALL 
Processing object type SCHEMA_EXPORT/TABLE/TABLE_DATA
Processing object type SCHEMA_EXPORT/TABLE/INDEX/STATISTICS/INDEX_STATISTICS
Processing object type SCHEMA_EXPORT/TABLE/STATISTICS/TABLE_STATISTICS
Processing object type SCHEMA_EXPORT/STATISTICS/MARKER
Processing object type SCHEMA_EXPORT/PRE_SCHEMA/PROCACT_SCHEMA
Processing object type SCHEMA_EXPORT/TABLE/TABLE
Processing object type SCHEMA_EXPORT/TABLE/COMMENT
Processing object type SCHEMA_EXPORT/TABLE/INDEX/INDEX
Processing object type SCHEMA_EXPORT/TABLE/CONSTRAINT/CONSTRAINT
Processing object type SCHEMA_EXPORT/TABLE/CONSTRAINT/REF_CONSTRAINT
. . exported "TEST"."CITIES"                             17.80 KB     204 rows
. . exported "TEST"."COUNTRIES"                          23.38 KB     196 rows
. . exported "TEST"."CURRENCIES"                         10.02 KB     146 rows
. . exported "TEST"."CURRENCIES_COUNTRIES"               7.875 KB     203 rows
. . exported "TEST"."REGIONS"                            5.585 KB       7 rows
Master table "TEST"."SYS_EXPORT_SCHEMA_01" successfully loaded/unloaded
******************************************************************************
Dump file set for TEST.SYS_EXPORT_SCHEMA_01 is:
  /tmp/dump/export.dmp
Job "TEST"."SYS_EXPORT_SCHEMA_01" successfully completed at Wed Feb 8 10:15:28 2023 elapsed 0 00:00:25
